<?xml version="1.0" encoding="utf-8" standalone="no"?>
<!--This file represents the results of running a test suite-->
<test-results name="C:\PTAQ\Repo-2016_09\Ptaq\FrontEnd\bin\Debug\FrontEnd.dll" total="1" errors="0" failures="0" not-run="0" inconclusive="0" ignored="0" skipped="0" invalid="0" date="2017-03-21" time="12:44:44">
  <environment nunit-version="2.6.3.13283" clr-version="2.0.50727.8009" os-version="Microsoft Windows NT 6.2.9200.0" platform="Win32NT" cwd="C:\PTAQ\Repo-2016_09\Ptaq\FrontEnd\bin\Debug" machine-name="GPLPL0026" user="e-dzsi" user-domain="GFT" />
  <culture-info current-culture="pl-PL" current-uiculture="en-US" />
  <test-suite type="Assembly" name="C:\PTAQ\Repo-2016_09\Ptaq\FrontEnd\bin\Debug\FrontEnd.dll" executed="True" result="Success" success="True" time="14.308" asserts="0">
    <results>
      <test-suite type="Namespace" name="FrontEnd" executed="True" result="Success" success="True" time="14.299" asserts="0">
        <results>
          <test-suite type="Namespace" name="Features" executed="True" result="Success" success="True" time="14.299" asserts="0">
            <results>
              <test-suite type="Namespace" name="SeleniumTests" executed="True" result="Success" success="True" time="14.298" asserts="0">
                <results>
                  <test-suite type="TestFixture" name="SeleniumTestFeature" executed="True" result="Success" success="True" time="14.297" asserts="0">
                    <results>
                      <test-case name="FrontEnd.Features.SeleniumTests.SeleniumTestFeature.VerifyElementsOnMainPage" executed="True" result="Success" success="True" time="14.023" asserts="0">
                        <categories>
                          <category name="mytag" />
                        </categories>
                      </test-case>
                    </results>
                  </test-suite>
                </results>
              </test-suite>
            </results>
          </test-suite>
        </results>
      </test-suite>
    </results>
  </test-suite>
</test-results>