<?xml version="1.0" encoding="utf-8" standalone="no"?>
<!--This file represents the results of running a test suite-->
<test-results name="D:\Work\BackEnd-master\PTAQ\bin\Debug\PTAQ.dll" total="7" errors="0" failures="0" not-run="0" inconclusive="0" ignored="0" skipped="0" invalid="0" date="2016-08-25" time="15:39:32">
  <environment nunit-version="2.6.3.13283" clr-version="2.0.50727.8689" os-version="Microsoft Windows NT 6.2.9200.0" platform="Win32NT" cwd="D:\Work\BackEnd-master\PTAQ\bin\Debug" machine-name="LAPTOP" user="Darek" user-domain="Laptop" />
  <culture-info current-culture="pl-PL" current-uiculture="pl-PL" />
  <test-suite type="Assembly" name="D:\Work\BackEnd-master\PTAQ\bin\Debug\PTAQ.dll" executed="True" result="Success" success="True" time="3.284" asserts="0">
    <results>
      <test-suite type="Namespace" name="BackEnd" executed="True" result="Success" success="True" time="3.272" asserts="0">
        <results>
          <test-suite type="Namespace" name="Features" executed="True" result="Success" success="True" time="3.272" asserts="0">
            <results>
              <test-suite type="Namespace" name="Demo" executed="True" result="Success" success="True" time="3.271" asserts="0">
                <results>
                  <test-suite type="TestFixture" name="DataFlowAndDataQualityTestFeature" executed="True" result="Success" success="True" time="1.500" asserts="0">
                    <results>
                      <test-case name="BackEnd.Features.Demo.DataFlowAndDataQualityTestFeature.VerifyData" executed="True" result="Success" success="True" time="0.967" asserts="0">
                        <categories>
                          <category name="mytag" />
                        </categories>
                      </test-case>
                      <test-suite type="ParameterizedTest" name="VerifySums" executed="True" result="Success" success="True" time="0.037" asserts="0">
                        <categories>
                          <category name="mytag" />
                        </categories>
                        <results>
                          <test-case name="BackEnd.Features.Demo.DataFlowAndDataQualityTestFeature.VerifySums(&quot;StandardCost&quot;,&quot;Production.Product&quot;,&quot;qa.Product&quot;,System.String[])" executed="True" result="Success" success="True" time="0.012" asserts="0" />
                          <test-case name="BackEnd.Features.Demo.DataFlowAndDataQualityTestFeature.VerifySums(&quot;ListPrice&quot;,&quot;Production.Product&quot;,&quot;qa.Product&quot;,System.String[])" executed="True" result="Success" success="True" time="0.005" asserts="0" />
                          <test-case name="BackEnd.Features.Demo.DataFlowAndDataQualityTestFeature.VerifySums(&quot;Weight&quot;,&quot;Production.Product&quot;,&quot;qa.Product&quot;,System.String[])" executed="True" result="Success" success="True" time="0.007" asserts="0" />
                        </results>
                      </test-suite>
                    </results>
                  </test-suite>
                  <test-suite type="TestFixture" name="DataFlowFeature" executed="True" result="Success" success="True" time="0.547" asserts="0">
                    <results>
                      <test-case name="BackEnd.Features.Demo.DataFlowFeature.DataFlow" executed="True" result="Success" success="True" time="0.546" asserts="0">
                        <categories>
                          <category name="mytag" />
                        </categories>
                      </test-case>
                    </results>
                  </test-suite>
                  <test-suite type="TestFixture" name="DiffResultsInExcelFeature" executed="True" result="Success" success="True" time="0.688" asserts="0">
                    <results>
                      <test-case name="BackEnd.Features.Demo.DiffResultsInExcelFeature._1_0CreateSourceFile" executed="True" result="Success" success="True" time="0.034" asserts="0">
                        <categories>
                          <category name="mytag" />
                        </categories>
                      </test-case>
                      <test-case name="BackEnd.Features.Demo.DiffResultsInExcelFeature._2_0CompareTwoFilesAndWriteDifferencesIntoExcel" executed="True" result="Success" success="True" time="0.629" asserts="0">
                        <categories>
                          <category name="mytag" />
                        </categories>
                      </test-case>
                    </results>
                  </test-suite>
                </results>
              </test-suite>
            </results>
          </test-suite>
        </results>
      </test-suite>
    </results>
  </test-suite>
</test-results>